<?xml version="1.0" encoding="UTF-8"?>
<testsuite name="br.com.codenation.desafioexe.DesafioApplicationTest" tests="2" skipped="0" failures="0" errors="0" timestamp="2020-04-18T22:36:21" hostname="DESKTOP-FP7CSRA" time="0.003">
  <properties/>
  <testcase name="fibonacci" classname="br.com.codenation.desafioexe.DesafioApplicationTest" time="0.002"/>
  <testcase name="isFibonacci" classname="br.com.codenation.desafioexe.DesafioApplicationTest" time="0.0"/>
  <system-out><![CDATA[]]></system-out>
  <system-err><![CDATA[]]></system-err>
</testsuite>
